<?xml version="1.0" encoding="UTF-8"?>
<testsuite name="org.generation.TrukombuGroup5.ItemServiceMySQLTest" tests="1" skipped="0" failures="0" errors="0" timestamp="2021-09-29T03:12:47" hostname="LAPTOP-F95D0GA8" time="0.18">
  <properties/>
  <testcase name="saveCallsItemsRepositorySave()" classname="org.generation.TrukombuGroup5.ItemServiceMySQLTest" time="0.18"/>
  <system-out><![CDATA[11:12:34.805 [Test worker] DEBUG org.springframework.test.context.BootstrapUtils - Instantiating CacheAwareContextLoaderDelegate from class [org.springframework.test.context.cache.DefaultCacheAwareContextLoaderDelegate]
11:12:34.828 [Test worker] DEBUG org.springframework.test.context.BootstrapUtils - Instantiating BootstrapContext using constructor [public org.springframework.test.context.support.DefaultBootstrapContext(java.lang.Class,org.springframework.test.context.CacheAwareContextLoaderDelegate)]
11:12:34.866 [Test worker] DEBUG org.springframework.test.context.BootstrapUtils - Instantiating TestContextBootstrapper for test class [org.generation.TrukombuGroup5.ItemServiceMySQLTest] from class [org.springframework.boot.test.context.SpringBootTestContextBootstrapper]
11:12:34.890 [Test worker] INFO org.springframework.boot.test.context.SpringBootTestContextBootstrapper - Neither @ContextConfiguration nor @ContextHierarchy found for test class [org.generation.TrukombuGroup5.ItemServiceMySQLTest], using SpringBootContextLoader
11:12:34.898 [Test worker] DEBUG org.springframework.test.context.support.AbstractContextLoader - Did not detect default resource location for test class [org.generation.TrukombuGroup5.ItemServiceMySQLTest]: class path resource [org/generation/TrukombuGroup5/ItemServiceMySQLTest-context.xml] does not exist
11:12:34.900 [Test worker] DEBUG org.springframework.test.context.support.AbstractContextLoader - Did not detect default resource location for test class [org.generation.TrukombuGroup5.ItemServiceMySQLTest]: class path resource [org/generation/TrukombuGroup5/ItemServiceMySQLTestContext.groovy] does not exist
11:12:34.902 [Test worker] INFO org.springframework.test.context.support.AbstractContextLoader - Could not detect default resource locations for test class [org.generation.TrukombuGroup5.ItemServiceMySQLTest]: no resource found for suffixes {-context.xml, Context.groovy}.
11:12:34.904 [Test worker] INFO org.springframework.test.context.support.AnnotationConfigContextLoaderUtils - Could not detect default configuration classes for test class [org.generation.TrukombuGroup5.ItemServiceMySQLTest]: ItemServiceMySQLTest does not declare any static, non-private, non-final, nested classes annotated with @Configuration.
11:12:35.016 [Test worker] DEBUG org.springframework.test.context.support.ActiveProfilesUtils - Could not find an 'annotation declaring class' for annotation type [org.springframework.test.context.ActiveProfiles] and class [org.generation.TrukombuGroup5.ItemServiceMySQLTest]
11:12:35.155 [Test worker] DEBUG org.springframework.context.annotation.ClassPathScanningCandidateComponentProvider - Identified candidate component class: file [C:\Users\zingy\Desktop\JFSDGroup5Project\TrukombuGroup5\build\classes\java\main\org\generation\TrukombuGroup5\TrukombuGroup5Application.class]
11:12:35.158 [Test worker] INFO org.springframework.boot.test.context.SpringBootTestContextBootstrapper - Found @SpringBootConfiguration org.generation.TrukombuGroup5.TrukombuGroup5Application for test class org.generation.TrukombuGroup5.ItemServiceMySQLTest
11:12:35.417 [Test worker] DEBUG org.springframework.boot.test.context.SpringBootTestContextBootstrapper - @TestExecutionListeners is not present for class [org.generation.TrukombuGroup5.ItemServiceMySQLTest]: using defaults.
11:12:35.419 [Test worker] INFO org.springframework.boot.test.context.SpringBootTestContextBootstrapper - Loaded default TestExecutionListener class names from location [META-INF/spring.factories]: [org.springframework.boot.test.autoconfigure.restdocs.RestDocsTestExecutionListener, org.springframework.boot.test.autoconfigure.web.client.MockRestServiceServerResetTestExecutionListener, org.springframework.boot.test.autoconfigure.web.servlet.MockMvcPrintOnlyOnFailureTestExecutionListener, org.springframework.boot.test.autoconfigure.web.servlet.WebDriverTestExecutionListener, org.springframework.boot.test.autoconfigure.webservices.client.MockWebServiceServerTestExecutionListener, org.springframework.boot.test.mock.mockito.MockitoTestExecutionListener, org.springframework.boot.test.mock.mockito.ResetMocksTestExecutionListener, org.springframework.test.context.web.ServletTestExecutionListener, org.springframework.test.context.support.DirtiesContextBeforeModesTestExecutionListener, org.springframework.test.context.event.ApplicationEventsTestExecutionListener, org.springframework.test.context.support.DependencyInjectionTestExecutionListener, org.springframework.test.context.support.DirtiesContextTestExecutionListener, org.springframework.test.context.transaction.TransactionalTestExecutionListener, org.springframework.test.context.jdbc.SqlScriptsTestExecutionListener, org.springframework.test.context.event.EventPublishingTestExecutionListener]
11:12:35.448 [Test worker] INFO org.springframework.boot.test.context.SpringBootTestContextBootstrapper - Using TestExecutionListeners: [org.springframework.test.context.web.ServletTestExecutionListener@5fa3f6b6, org.springframework.test.context.support.DirtiesContextBeforeModesTestExecutionListener@15931a30, org.springframework.test.context.event.ApplicationEventsTestExecutionListener@49b77c4e, org.springframework.boot.test.mock.mockito.MockitoTestExecutionListener@28c25394, org.springframework.boot.test.autoconfigure.SpringBootDependencyInjectionTestExecutionListener@6894067c, org.springframework.test.context.support.DirtiesContextTestExecutionListener@65dbd3c4, org.springframework.test.context.transaction.TransactionalTestExecutionListener@17fc863d, org.springframework.test.context.jdbc.SqlScriptsTestExecutionListener@2d9829a5, org.springframework.test.context.event.EventPublishingTestExecutionListener@65f76d8c, org.springframework.boot.test.autoconfigure.restdocs.RestDocsTestExecutionListener@5e09c705, org.springframework.boot.test.autoconfigure.web.client.MockRestServiceServerResetTestExecutionListener@2d376f97, org.springframework.boot.test.autoconfigure.web.servlet.MockMvcPrintOnlyOnFailureTestExecutionListener@410eae95, org.springframework.boot.test.autoconfigure.web.servlet.WebDriverTestExecutionListener@1fcb3035, org.springframework.boot.test.autoconfigure.webservices.client.MockWebServiceServerTestExecutionListener@feaed26, org.springframework.boot.test.mock.mockito.ResetMocksTestExecutionListener@19b7709b]
11:12:35.502 [Test worker] DEBUG org.springframework.test.context.support.TestPropertySourceUtils - Adding inlined properties to environment: {spring.jmx.enabled=false, org.springframework.boot.test.context.SpringBootTestContextBootstrapper=true}

  .   ____          _            __ _ _
 /\\ / ___'_ __ _ _(_)_ __  __ _ \ \ \ \
( ( )\___ | '_ | '_| | '_ \/ _` | \ \ \ \
 \\/  ___)| |_)| | | | | || (_| |  ) ) ) )
  '  |____| .__|_| |_|_| |_\__, | / / / /
 =========|_|==============|___/=/_/_/_/
 :: Spring Boot ::                (v2.5.4)

2021-09-29 11:12:36.095  INFO 4988 --- [    Test worker] o.g.TrukombuGroup5.ItemServiceMySQLTest  : Starting ItemServiceMySQLTest using Java 16.0.2 on LAPTOP-F95D0GA8 with PID 4988 (started by zingy in C:\Users\zingy\Desktop\JFSDGroup5Project\TrukombuGroup5)
2021-09-29 11:12:36.100  INFO 4988 --- [    Test worker] o.g.TrukombuGroup5.ItemServiceMySQLTest  : No active profile set, falling back to default profiles: default
2021-09-29 11:12:37.692  INFO 4988 --- [    Test worker] .s.d.r.c.RepositoryConfigurationDelegate : Bootstrapping Spring Data JPA repositories in DEFAULT mode.
2021-09-29 11:12:37.813  INFO 4988 --- [    Test worker] .s.d.r.c.RepositoryConfigurationDelegate : Finished Spring Data repository scanning in 102 ms. Found 1 JPA repository interfaces.
2021-09-29 11:12:39.124  INFO 4988 --- [    Test worker] com.zaxxer.hikari.HikariDataSource       : HikariPool-1 - Starting...
2021-09-29 11:12:39.814  INFO 4988 --- [    Test worker] com.zaxxer.hikari.HikariDataSource       : HikariPool-1 - Start completed.
2021-09-29 11:12:40.014  INFO 4988 --- [    Test worker] o.hibernate.jpa.internal.util.LogHelper  : HHH000204: Processing PersistenceUnitInfo [name: default]
2021-09-29 11:12:40.204  INFO 4988 --- [    Test worker] org.hibernate.Version                    : HHH000412: Hibernate ORM core version 5.4.32.Final
2021-09-29 11:12:40.604  INFO 4988 --- [    Test worker] o.hibernate.annotations.common.Version   : HCANN000001: Hibernate Commons Annotations {5.1.2.Final}
2021-09-29 11:12:40.938  INFO 4988 --- [    Test worker] org.hibernate.dialect.Dialect            : HHH000400: Using dialect: org.hibernate.dialect.MySQL8Dialect
2021-09-29 11:12:42.164  INFO 4988 --- [    Test worker] o.h.e.t.j.p.i.JtaPlatformInitiator       : HHH000490: Using JtaPlatform implementation: [org.hibernate.engine.transaction.jta.platform.internal.NoJtaPlatform]
2021-09-29 11:12:42.188  INFO 4988 --- [    Test worker] j.LocalContainerEntityManagerFactoryBean : Initialized JPA EntityManagerFactory for persistence unit 'default'
2021-09-29 11:12:42.974  WARN 4988 --- [    Test worker] JpaBaseConfiguration$JpaWebConfiguration : spring.jpa.open-in-view is enabled by default. Therefore, database queries may be performed during view rendering. Explicitly configure spring.jpa.open-in-view to disable this warning
2021-09-29 11:12:43.665  INFO 4988 --- [    Test worker] o.s.s.web.DefaultSecurityFilterChain     : Will secure any request with [org.springframework.security.web.context.request.async.WebAsyncManagerIntegrationFilter@29962e06, org.springframework.security.web.context.SecurityContextPersistenceFilter@28c63999, org.springframework.security.web.header.HeaderWriterFilter@1702249b, org.springframework.security.web.authentication.logout.LogoutFilter@6df7c2de, org.springframework.security.web.authentication.UsernamePasswordAuthenticationFilter@6924dd0e, org.springframework.security.web.savedrequest.RequestCacheAwareFilter@258f4b67, org.springframework.security.web.servletapi.SecurityContextHolderAwareRequestFilter@17bebc, org.springframework.security.web.authentication.AnonymousAuthenticationFilter@6ce59018, org.springframework.security.web.session.SessionManagementFilter@16c1c0bb, org.springframework.security.web.access.ExceptionTranslationFilter@21a7f945, org.springframework.security.web.access.intercept.FilterSecurityInterceptor@b931943]
C:\Users\zingy\Desktop\JFSDGroup5Project\TrukombuGroup5\productImages\images
2021-09-29 11:12:45.607  INFO 4988 --- [    Test worker] o.g.TrukombuGroup5.ItemServiceMySQLTest  : Started ItemServiceMySQLTest in 10.093 seconds (JVM running for 12.591)
]]></system-out>
  <system-err><![CDATA[]]></system-err>
</testsuite>
